<?xml version="1.0" encoding="UTF-8"?>
<!-- Generated by org.testng.reporters.JUnitReportReporter -->
<testsuite hostname="FDLMC2156.local" failures="0" tests="1" name="testcases.LoginTest" time="14.230" errors="0" timestamp="2022-01-24T07:14:20 IST" skipped="0">
  <testcase classname="testcases.LoginTest" name="loginWithNoCredentials" time="14.230"/>
  <system-out/>
</testsuite> <!-- testcases.LoginTest -->
